{
  "uid" : "cddfb11fd94c5bc9",
  "name" : "test_temp_equal",
  "fullName" : "test_case.test_weather_condition.TestWeatherCondition#test_temp_equal",
  "historyId" : "2d0309d3049e6de0161d4f86cbfd3f68",
  "time" : {
    "start" : 1585397979876,
    "stop" : 1585397991279,
    "duration" : 11403
  },
  "status" : "failed",
  "statusMessage" : "AssertionError: assert False",
  "statusTrace" : "self = <test_case.test_weather_condition.TestWeatherCondition object at 0x10a0f0c88>\nbrowser = <appium.webdriver.webdriver.WebDriver (session=\"72f4f94d-b69d-4999-8717-591e357f516e\")>\n\n    def test_temp_equal(self, browser):\n        self.weather_condition_business = WeatherCompareBusiness(browser)\n        result = self.weather_condition_business.compare_temp()\n>       assert result\nE       assert False\n\ntest_case/test_weather_condition.py:44: AssertionError",
  "flaky" : true,
  "beforeStages" : [ {
    "name" : "browser",
    "time" : {
      "start" : 1585397978342,
      "stop" : 1585397978342,
      "duration" : 0
    },
    "status" : "passed",
    "steps" : [ ],
    "attachments" : [ ],
    "parameters" : [ ],
    "stepsCount" : 0,
    "attachmentsCount" : 0,
    "shouldDisplayMessage" : false,
    "hasContent" : false
  }, {
    "name" : "operal_app",
    "time" : {
      "start" : 1585397978342,
      "stop" : 1585397979875,
      "duration" : 1533
    },
    "status" : "passed",
    "steps" : [ ],
    "attachments" : [ ],
    "parameters" : [ ],
    "stepsCount" : 0,
    "attachmentsCount" : 0,
    "shouldDisplayMessage" : false,
    "hasContent" : false
  }, {
    "name" : "_Class__pytest_setup_class",
    "time" : {
      "start" : 1585397978342,
      "stop" : 1585397978342,
      "duration" : 0
    },
    "status" : "passed",
    "steps" : [ ],
    "attachments" : [ ],
    "parameters" : [ ],
    "stepsCount" : 0,
    "attachmentsCount" : 0,
    "shouldDisplayMessage" : false,
    "hasContent" : false
  } ],
  "testStage" : {
    "status" : "failed",
    "statusMessage" : "AssertionError: assert False",
    "statusTrace" : "self = <test_case.test_weather_condition.TestWeatherCondition object at 0x10a0f0c88>\nbrowser = <appium.webdriver.webdriver.WebDriver (session=\"72f4f94d-b69d-4999-8717-591e357f516e\")>\n\n    def test_temp_equal(self, browser):\n        self.weather_condition_business = WeatherCompareBusiness(browser)\n        result = self.weather_condition_business.compare_temp()\n>       assert result\nE       assert False\n\ntest_case/test_weather_condition.py:44: AssertionError",
    "steps" : [ {
      "name" : "添加失败截图...",
      "time" : {
        "start" : 1585397992079,
        "stop" : 1585397993896,
        "duration" : 1817
      },
      "status" : "passed",
      "steps" : [ ],
      "attachments" : [ {
        "uid" : "b7c20c47e1957efb",
        "name" : "失败截图",
        "source" : "b7c20c47e1957efb.png",
        "type" : "image/png",
        "size" : 508256
      } ],
      "parameters" : [ ],
      "stepsCount" : 0,
      "attachmentsCount" : 1,
      "shouldDisplayMessage" : false,
      "hasContent" : true
    } ],
    "attachments" : [ ],
    "parameters" : [ ],
    "stepsCount" : 1,
    "attachmentsCount" : 1,
    "shouldDisplayMessage" : true,
    "hasContent" : true
  },
  "afterStages" : [ {
    "name" : "operal_app::fin",
    "time" : {
      "start" : 1585397993897,
      "stop" : 1585397994081,
      "duration" : 184
    },
    "status" : "passed",
    "steps" : [ ],
    "attachments" : [ ],
    "parameters" : [ ],
    "stepsCount" : 0,
    "attachmentsCount" : 0,
    "shouldDisplayMessage" : false,
    "hasContent" : false
  }, {
    "name" : "_Class__pytest_setup_class::0",
    "time" : {
      "start" : 1585397994083,
      "stop" : 1585397994083,
      "duration" : 0
    },
    "status" : "passed",
    "steps" : [ ],
    "attachments" : [ ],
    "parameters" : [ ],
    "stepsCount" : 0,
    "attachmentsCount" : 0,
    "shouldDisplayMessage" : false,
    "hasContent" : false
  } ],
  "labels" : [ {
    "name" : "parentSuite",
    "value" : "test_case"
  }, {
    "name" : "suite",
    "value" : "test_weather_condition"
  }, {
    "name" : "subSuite",
    "value" : "TestWeatherCondition"
  }, {
    "name" : "host",
    "value" : "liqingMacBook-Pro.local"
  }, {
    "name" : "thread",
    "value" : "41645-Thread-3"
  }, {
    "name" : "framework",
    "value" : "pytest"
  }, {
    "name" : "language",
    "value" : "cpython3"
  }, {
    "name" : "package",
    "value" : "test_case.test_weather_condition"
  }, {
    "name" : "resultFormat",
    "value" : "allure2"
  } ],
  "parameters" : [ ],
  "links" : [ ],
  "hidden" : false,
  "retry" : false,
  "extra" : {
    "severity" : "normal",
    "retries" : [ {
      "uid" : "cadc612a7311d8d0",
      "status" : "failed",
      "statusDetails" : "AssertionError: assert False",
      "time" : {
        "start" : 1585397965896,
        "stop" : 1585397975684,
        "duration" : 9788
      }
    } ],
    "categories" : [ {
      "name" : "Product defects",
      "matchedStatuses" : [ ],
      "flaky" : false
    } ],
    "tags" : [ ]
  },
  "source" : "cddfb11fd94c5bc9.json",
  "parameterValues" : [ ]
}